<?xml version="1.0" encoding="UTF-8"?>
<robot generator="Robot 2.9 (Jython 2.7.0 on java1.8.0_60)" generated="20150916 21:39:45.150">
<suite name="TicTacToeTests &amp; TicTacToeGUITests" id="s1">
<suite source="C:\Users\Shay\Documents\GitHub\tic-tac-toe\acceptance\TicTacToeTests.txt" name="TicTacToeTests" id="s1-s1">
<test name="Win Diagonally as X" id="s1-s1-t1">
<kw library="TicTacToeKeywords" name="Start New Game">
<msg level="FAIL" timestamp="20150916 21:39:47.074">NoClassDefFoundError: edu/jsu/mcis/TicTacToe</msg>
<status endtime="20150916 21:39:47.080" starttime="20150916 21:39:46.995" status="FAIL"></status>
</kw>
<status critical="yes" endtime="20150916 21:39:47.088" starttime="20150916 21:39:46.971" status="FAIL">NoClassDefFoundError: edu/jsu/mcis/TicTacToe</status>
</test>
<test name="Win Horizontally as O" id="s1-s1-t2">
<kw library="TicTacToeKeywords" name="Start New Game">
<msg level="FAIL" timestamp="20150916 21:39:47.194">NoClassDefFoundError: edu/jsu/mcis/TicTacToe</msg>
<status endtime="20150916 21:39:47.201" starttime="20150916 21:39:47.140" status="FAIL"></status>
</kw>
<status critical="yes" endtime="20150916 21:39:47.208" starttime="20150916 21:39:47.102" status="FAIL">NoClassDefFoundError: edu/jsu/mcis/TicTacToe</status>
</test>
<test name="Force a Tie" id="s1-s1-t3">
<kw library="TicTacToeKeywords" name="Start New Game">
<msg level="FAIL" timestamp="20150916 21:39:47.277">NoClassDefFoundError: edu/jsu/mcis/TicTacToe</msg>
<status endtime="20150916 21:39:47.285" starttime="20150916 21:39:47.237" status="FAIL"></status>
</kw>
<status critical="yes" endtime="20150916 21:39:47.316" starttime="20150916 21:39:47.221" status="FAIL">NoClassDefFoundError: edu/jsu/mcis/TicTacToe</status>
</test>
<status endtime="20150916 21:39:47.373" starttime="20150916 21:39:46.757" status="FAIL"></status>
</suite>
<suite source="C:\Users\Shay\Documents\GitHub\tic-tac-toe\acceptance\TicTacToeGUITests.txt" name="TicTacToeGUITests" id="s1-s2">
<test name="Win Diagonally as X" id="s1-s2-t1">
<kw name="Start New Game">
<kw name="Start Application">
<arguments>
<arg>edu.jsu.mcis.TicTacToe</arg>
</arguments>
<msg level="FAIL" timestamp="20150916 21:39:47.710">No keyword with name 'Start Application' found.</msg>
<status endtime="20150916 21:39:47.716" starttime="20150916 21:39:47.698" status="FAIL"></status>
</kw>
<status endtime="20150916 21:39:47.722" starttime="20150916 21:39:47.558" status="FAIL"></status>
</kw>
<status critical="yes" endtime="20150916 21:39:47.727" starttime="20150916 21:39:47.541" status="FAIL">No keyword with name 'Start Application' found.</status>
</test>
<test name="Win Horizontally as O" id="s1-s2-t2">
<kw name="Start New Game">
<kw name="Start Application">
<arguments>
<arg>edu.jsu.mcis.TicTacToe</arg>
</arguments>
<msg level="FAIL" timestamp="20150916 21:39:47.815">No keyword with name 'Start Application' found.</msg>
<status endtime="20150916 21:39:47.818" starttime="20150916 21:39:47.812" status="FAIL"></status>
</kw>
<status endtime="20150916 21:39:47.826" starttime="20150916 21:39:47.748" status="FAIL"></status>
</kw>
<status critical="yes" endtime="20150916 21:39:47.836" starttime="20150916 21:39:47.739" status="FAIL">No keyword with name 'Start Application' found.</status>
</test>
<test name="Force a Tie" id="s1-s2-t3">
<kw name="Start New Game">
<kw name="Start Application">
<arguments>
<arg>edu.jsu.mcis.TicTacToe</arg>
</arguments>
<msg level="FAIL" timestamp="20150916 21:39:47.950">No keyword with name 'Start Application' found.</msg>
<status endtime="20150916 21:39:47.952" starttime="20150916 21:39:47.947" status="FAIL"></status>
</kw>
<status endtime="20150916 21:39:47.967" starttime="20150916 21:39:47.855" status="FAIL"></status>
</kw>
<status critical="yes" endtime="20150916 21:39:47.974" starttime="20150916 21:39:47.844" status="FAIL">No keyword with name 'Start Application' found.</status>
</test>
<status endtime="20150916 21:39:47.988" starttime="20150916 21:39:47.420" status="FAIL"></status>
</suite>
<status endtime="20150916 21:39:48.048" starttime="20150916 21:39:45.208" status="FAIL"></status>
</suite>
<statistics>
<total>
<stat pass="0" fail="6">Critical Tests</stat>
<stat pass="0" fail="6">All Tests</stat>
</total>
<tag>
</tag>
<suite>
<stat pass="0" fail="6" name="TicTacToeTests &amp; TicTacToeGUITests" id="s1">TicTacToeTests &amp; TicTacToeGUITests</stat>
<stat pass="0" fail="3" name="TicTacToeTests" id="s1-s1">TicTacToeTests &amp; TicTacToeGUITests.TicTacToeTests</stat>
<stat pass="0" fail="3" name="TicTacToeGUITests" id="s1-s2">TicTacToeTests &amp; TicTacToeGUITests.TicTacToeGUITests</stat>
</suite>
</statistics>
<errors>
<msg level="ERROR" timestamp="20150916 21:39:47.522">Error in file 'C:\Users\Shay\Documents\GitHub\tic-tac-toe\acceptance\TicTacToeGUITests.txt': Importing test library 'SwingLibrary' failed: ImportError: No module named SwingLibrary
Traceback (most recent call last):
  None
PYTHONPATH:
  C:\Users\Shay\Documents\RobotFramework\Lib
  C:\Users\Shay\Documents\RobotFramework\robotframework-2.9.jar\Lib
  __classpath__
  __pyclasspath__/
CLASSPATH:
  .
  ..\JavaSwingLibrary\swinglibrary-1.9.4.jar..\build\classes\main
  C:\Users\Shay\Documents\RobotFramework\robotframework-2.9.jar</msg>
</errors>
</robot>
